  TestClass.cpp
  TestMethod.cpp
  TestMethodSignature.cpp
  TestProgram.cpp
D:\Projects\C++\Relax\UnitTest\TestMethod.h(19,1): error C2440: <function-style-cast>: невозможно преобразовать "initializer list" в "Parameter" (компилируется исходный файл TestMethod.cpp)
D:\Projects\C++\Relax\UnitTest\TestMethod.h(19,1): message : Ни один конструктор не смог принять исходный тип, либо разрешение перегрузки конструктора неоднозначно (компилируется исходный файл TestMethod.cpp)
D:\Projects\C++\Relax\UnitTest\TestMethodSignature.h(19,1): error C2440: <function-style-cast>: невозможно преобразовать "initializer list" в "Parameter" (компилируется исходный файл TestMethodSignature.cpp)
D:\Projects\C++\Relax\UnitTest\TestMethodSignature.h(19,1): message : Ни один конструктор не смог принять исходный тип, либо разрешение перегрузки конструктора неоднозначно (компилируется исходный файл TestMethodSignature.cpp)
D:\Projects\C++\Relax\UnitTest\TestMethodSignature.h(20,1): error C2440: <function-style-cast>: невозможно преобразовать "initializer list" в "Parameter" (компилируется исходный файл TestMethodSignature.cpp)
D:\Projects\C++\Relax\UnitTest\TestMethodSignature.h(20,1): message : Ни один конструктор не смог принять исходный тип, либо разрешение перегрузки конструктора неоднозначно (компилируется исходный файл TestMethodSignature.cpp)
D:\Projects\C++\Relax\UnitTest\TestMethod.h(38,1): error C2440: <function-style-cast>: невозможно преобразовать "initializer list" в "Parameter" (компилируется исходный файл TestMethod.cpp)
D:\Projects\C++\Relax\UnitTest\TestMethod.h(38,1): message : Ни один конструктор не смог принять исходный тип, либо разрешение перегрузки конструктора неоднозначно (компилируется исходный файл TestMethod.cpp)
D:\Projects\C++\Relax\UnitTest\TestMethodSignature.h(32,1): error C2440: <function-style-cast>: невозможно преобразовать "initializer list" в "Parameter" (компилируется исходный файл TestMethodSignature.cpp)
D:\Projects\C++\Relax\UnitTest\TestMethodSignature.h(32,1): message : Ни один конструктор не смог принять исходный тип, либо разрешение перегрузки конструктора неоднозначно (компилируется исходный файл TestMethodSignature.cpp)
D:\Projects\C++\Relax\UnitTest\TestMethodSignature.h(33,1): error C2440: <function-style-cast>: невозможно преобразовать "initializer list" в "Parameter" (компилируется исходный файл TestMethodSignature.cpp)
D:\Projects\C++\Relax\UnitTest\TestMethodSignature.h(33,1): message : Ни один конструктор не смог принять исходный тип, либо разрешение перегрузки конструктора неоднозначно (компилируется исходный файл TestMethodSignature.cpp)
D:\Projects\C++\Relax\UnitTest\TestMethod.h(61,1): error C2440: <function-style-cast>: невозможно преобразовать "initializer list" в "Parameter" (компилируется исходный файл TestMethod.cpp)
D:\Projects\C++\Relax\UnitTest\TestMethod.h(61,1): message : Ни один конструктор не смог принять исходный тип, либо разрешение перегрузки конструктора неоднозначно (компилируется исходный файл TestMethod.cpp)
D:\Projects\C++\Relax\UnitTest\TestMethodSignature.h(45,1): error C2440: <function-style-cast>: невозможно преобразовать "initializer list" в "Parameter" (компилируется исходный файл TestMethodSignature.cpp)
D:\Projects\C++\Relax\UnitTest\TestMethodSignature.h(45,1): message : Ни один конструктор не смог принять исходный тип, либо разрешение перегрузки конструктора неоднозначно (компилируется исходный файл TestMethodSignature.cpp)
D:\Projects\C++\Relax\UnitTest\TestMethodSignature.h(46,1): error C2440: <function-style-cast>: невозможно преобразовать "initializer list" в "Parameter" (компилируется исходный файл TestMethodSignature.cpp)
D:\Projects\C++\Relax\UnitTest\TestMethodSignature.h(46,1): message : Ни один конструктор не смог принять исходный тип, либо разрешение перегрузки конструктора неоднозначно (компилируется исходный файл TestMethodSignature.cpp)
D:\Projects\C++\Relax\UnitTest\TestMethodSignature.h(54,63): error C2955: "QList": для использования класс шаблон требуется список аргументов шаблон (компилируется исходный файл TestMethodSignature.cpp)
D:\Programs\qt\5.15.2\msvc2019_64\include\QtCore\qmetaobject.h(50): message : см. объявление "QList" (компилируется исходный файл TestMethodSignature.cpp)
D:\Projects\C++\Relax\UnitTest\TestMethodSignature.h(54,1): error C2440: <function-style-cast>: невозможно преобразовать "initializer list" в "Parameter" (компилируется исходный файл TestMethodSignature.cpp)
D:\Projects\C++\Relax\UnitTest\TestMethodSignature.h(54,1): message : Ни один конструктор не смог принять исходный тип, либо разрешение перегрузки конструктора неоднозначно (компилируется исходный файл TestMethodSignature.cpp)
D:\Projects\C++\Relax\UnitTest\TestClass.h(102,43): error C2955: "QList": для использования класс шаблон требуется список аргументов шаблон (компилируется исходный файл TestClass.cpp)
D:\Programs\qt\5.15.2\msvc2019_64\include\QtCore\qmetaobject.h(50): message : см. объявление "QList" (компилируется исходный файл TestClass.cpp)
D:\Projects\C++\Relax\UnitTest\TestMethodSignature.h(62,1): error C2440: <function-style-cast>: невозможно преобразовать "initializer list" в "Parameter" (компилируется исходный файл TestMethodSignature.cpp)
D:\Projects\C++\Relax\UnitTest\TestMethodSignature.h(62,1): message : Ни один конструктор не смог принять исходный тип, либо разрешение перегрузки конструктора неоднозначно (компилируется исходный файл TestMethodSignature.cpp)
D:\Projects\C++\Relax\UnitTest\TestMethodSignature.h(63,1): error C2440: <function-style-cast>: невозможно преобразовать "initializer list" в "Parameter" (компилируется исходный файл TestMethodSignature.cpp)
D:\Projects\C++\Relax\UnitTest\TestMethodSignature.h(63,1): message : Ни один конструктор не смог принять исходный тип, либо разрешение перегрузки конструктора неоднозначно (компилируется исходный файл TestMethodSignature.cpp)
D:\Projects\C++\Relax\UnitTest\TestMethodSignature.h(71,1): error C2440: <function-style-cast>: невозможно преобразовать "initializer list" в "Parameter" (компилируется исходный файл TestMethodSignature.cpp)
D:\Projects\C++\Relax\UnitTest\TestMethodSignature.h(71,1): message : Ни один конструктор не смог принять исходный тип, либо разрешение перегрузки конструктора неоднозначно (компилируется исходный файл TestMethodSignature.cpp)
D:\Projects\C++\Relax\UnitTest\TestMethodSignature.h(76,63): error C2955: "QList": для использования класс шаблон требуется список аргументов шаблон (компилируется исходный файл TestMethodSignature.cpp)
D:\Programs\qt\5.15.2\msvc2019_64\include\QtCore\qmetaobject.h(50): message : см. объявление "QList" (компилируется исходный файл TestMethodSignature.cpp)
D:\Projects\C++\Relax\UnitTest\TestMethod.h(81,1): error C2440: <function-style-cast>: невозможно преобразовать "initializer list" в "Parameter" (компилируется исходный файл TestMethod.cpp)
D:\Projects\C++\Relax\UnitTest\TestMethod.h(81,1): message : Ни один конструктор не смог принять исходный тип, либо разрешение перегрузки конструктора неоднозначно (компилируется исходный файл TestMethod.cpp)
D:\Projects\C++\Relax\UnitTest\TestMethodSignature.h(76,1): error C2440: <function-style-cast>: невозможно преобразовать "initializer list" в "Parameter" (компилируется исходный файл TestMethodSignature.cpp)
D:\Projects\C++\Relax\UnitTest\TestMethodSignature.h(76,1): message : Ни один конструктор не смог принять исходный тип, либо разрешение перегрузки конструктора неоднозначно (компилируется исходный файл TestMethodSignature.cpp)
D:\Projects\C++\Relax\UnitTest\TestMethodSignature.h(84,1): error C2440: <function-style-cast>: невозможно преобразовать "initializer list" в "Parameter" (компилируется исходный файл TestMethodSignature.cpp)
D:\Projects\C++\Relax\UnitTest\TestMethodSignature.h(84,1): message : Ни один конструктор не смог принять исходный тип, либо разрешение перегрузки конструктора неоднозначно (компилируется исходный файл TestMethodSignature.cpp)
D:\Projects\C++\Relax\UnitTest\TestMethodSignature.h(85,1): error C2440: <function-style-cast>: невозможно преобразовать "initializer list" в "Parameter" (компилируется исходный файл TestMethodSignature.cpp)
D:\Projects\C++\Relax\UnitTest\TestMethodSignature.h(85,1): message : Ни один конструктор не смог принять исходный тип, либо разрешение перегрузки конструктора неоднозначно (компилируется исходный файл TestMethodSignature.cpp)
D:\Projects\C++\Relax\UnitTest\TestMethodSignature.h(90,1): error C2440: <function-style-cast>: невозможно преобразовать "initializer list" в "Parameter" (компилируется исходный файл TestMethodSignature.cpp)
D:\Projects\C++\Relax\UnitTest\TestMethodSignature.h(90,1): message : Ни один конструктор не смог принять исходный тип, либо разрешение перегрузки конструктора неоднозначно (компилируется исходный файл TestMethodSignature.cpp)
D:\Projects\C++\Relax\UnitTest\TestMethodSignature.h(92,63): error C2955: "QList": для использования класс шаблон требуется список аргументов шаблон (компилируется исходный файл TestMethodSignature.cpp)
D:\Programs\qt\5.15.2\msvc2019_64\include\QtCore\qmetaobject.h(50): message : см. объявление "QList" (компилируется исходный файл TestMethodSignature.cpp)
D:\Projects\C++\Relax\UnitTest\TestMethodSignature.h(92,1): error C2440: <function-style-cast>: невозможно преобразовать "initializer list" в "Parameter" (компилируется исходный файл TestMethodSignature.cpp)
D:\Projects\C++\Relax\UnitTest\TestMethodSignature.h(92,1): message : Ни один конструктор не смог принять исходный тип, либо разрешение перегрузки конструктора неоднозначно (компилируется исходный файл TestMethodSignature.cpp)
D:\Projects\C++\Relax\UnitTest\TestMethod.h(101,1): error C2440: <function-style-cast>: невозможно преобразовать "initializer list" в "Parameter" (компилируется исходный файл TestMethod.cpp)
D:\Projects\C++\Relax\UnitTest\TestMethod.h(101,1): message : Ни один конструктор не смог принять исходный тип, либо разрешение перегрузки конструктора неоднозначно (компилируется исходный файл TestMethod.cpp)
D:\Projects\C++\Relax\UnitTest\TestMethod.h(121,1): error C2440: <function-style-cast>: невозможно преобразовать "initializer list" в "Parameter" (компилируется исходный файл TestMethod.cpp)
D:\Projects\C++\Relax\UnitTest\TestMethod.h(121,1): message : Ни один конструктор не смог принять исходный тип, либо разрешение перегрузки конструктора неоднозначно (компилируется исходный файл TestMethod.cpp)
D:\Projects\C++\Relax\Libs\ConsoleTextStream.h(72,38): error C7525: Встроенные (inline) переменные требуют как минимум "/std:c++17". (компилируется исходный файл TestProgram.cpp)
D:\Projects\C++\Relax\Libs\ConsoleTextStream.h(73,37): error C7525: Встроенные (inline) переменные требуют как минимум "/std:c++17". (компилируется исходный файл TestProgram.cpp)
D:\Projects\C++\Relax\RelaxVM\StdClassList.h(17,30): error C7525: Встроенные (inline) переменные требуют как минимум "/std:c++17". (компилируется исходный файл TestProgram.cpp)
